<?xml version="1.0" encoding="UTF-8"?>
<!-- Generated by org.testng.reporters.JUnitXMLReporter -->
<testsuite ignored="0" hostname="DESKTOP-NKOCCTH" failures="0" tests="4" name="Test" time="27.785" errors="0" timestamp="2022-04-20T14:03:20 IST">
  <testcase classname="TestCases.LoginPageTest" name="ValidateLoginPageTest" time="0.038"/>
  <testcase classname="TestCases.LoginPageTest" name="loginPageAccTest" time="2.849"/>
  <testcase classname="TestCases.LoginPageTest" name="validateKiteLogoTest" time="0.175"/>
  <testcase classname="TestCases.LoginPageTest" name="validateZerodhaLogoTEst" time="0.099"/>
</testsuite> <!-- Test -->
