<?xml version="1.0" encoding="UTF-8"?>
<testng-results ignored="0" total="4" passed="4" failed="0" skipped="0">
  <reporter-output>
    <line>
      <![CDATA[Title of Project =Kite - Zerodha's fast and elegant flagship trading platform]]>
    </line>
    <line>
      <![CDATA[Kite Logo Is true]]>
    </line>
    <line>
      <![CDATA[Zerodha Logo Is true]]>
    </line>
  </reporter-output>
  <suite started-at="2022-06-04T12:07:57 IST" name="Default suite" finished-at="2022-06-04T12:08:16 IST" duration-ms="18998">
    <groups>
    </groups>
    <test started-at="2022-06-04T12:07:57 IST" name="Default test" finished-at="2022-06-04T12:08:16 IST" duration-ms="18998">
      <class name="TestCases.LoginPageTest">
        <test-method is-config="true" signature="setup()[pri:0, instance:TestCases.LoginPageTest@22ef9844]" started-at="2022-06-04T12:07:57 IST" name="setup" finished-at="2022-06-04T12:08:03 IST" duration-ms="5677" status="PASS">
          <reporter-output>
          </reporter-output>
        </test-method> <!-- setup -->
        <test-method signature="ValidateLoginPageTest()[pri:0, instance:TestCases.LoginPageTest@22ef9844]" started-at="2022-06-04T12:08:03 IST" name="ValidateLoginPageTest" finished-at="2022-06-04T12:08:03 IST" duration-ms="46" status="PASS">
          <reporter-output>
            <line>
              <![CDATA[Title of Project =Kite - Zerodha's fast and elegant flagship trading platform]]>
            </line>
          </reporter-output>
        </test-method> <!-- ValidateLoginPageTest -->
        <test-method is-config="true" signature="exit()[pri:0, instance:TestCases.LoginPageTest@22ef9844]" started-at="2022-06-04T12:08:03 IST" name="exit" finished-at="2022-06-04T12:08:03 IST" duration-ms="370" status="PASS">
          <reporter-output>
          </reporter-output>
        </test-method> <!-- exit -->
        <test-method is-config="true" signature="setup()[pri:0, instance:TestCases.LoginPageTest@22ef9844]" started-at="2022-06-04T12:08:03 IST" name="setup" finished-at="2022-06-04T12:08:06 IST" duration-ms="3112" status="PASS">
          <reporter-output>
          </reporter-output>
        </test-method> <!-- setup -->
        <test-method signature="loginPageAccTest()[pri:0, instance:TestCases.LoginPageTest@22ef9844]" started-at="2022-06-04T12:08:06 IST" name="loginPageAccTest" finished-at="2022-06-04T12:08:09 IST" duration-ms="2503" status="PASS">
          <reporter-output>
          </reporter-output>
        </test-method> <!-- loginPageAccTest -->
        <test-method is-config="true" signature="exit()[pri:0, instance:TestCases.LoginPageTest@22ef9844]" started-at="2022-06-04T12:08:09 IST" name="exit" finished-at="2022-06-04T12:08:09 IST" duration-ms="267" status="PASS">
          <reporter-output>
          </reporter-output>
        </test-method> <!-- exit -->
        <test-method is-config="true" signature="setup()[pri:0, instance:TestCases.LoginPageTest@22ef9844]" started-at="2022-06-04T12:08:09 IST" name="setup" finished-at="2022-06-04T12:08:13 IST" duration-ms="3465" status="PASS">
          <reporter-output>
          </reporter-output>
        </test-method> <!-- setup -->
        <test-method signature="validateKiteLogoTest()[pri:0, instance:TestCases.LoginPageTest@22ef9844]" started-at="2022-06-04T12:08:13 IST" name="validateKiteLogoTest" finished-at="2022-06-04T12:08:13 IST" duration-ms="176" status="PASS">
          <reporter-output>
            <line>
              <![CDATA[Kite Logo Is true]]>
            </line>
          </reporter-output>
        </test-method> <!-- validateKiteLogoTest -->
        <test-method is-config="true" signature="exit()[pri:0, instance:TestCases.LoginPageTest@22ef9844]" started-at="2022-06-04T12:08:13 IST" name="exit" finished-at="2022-06-04T12:08:13 IST" duration-ms="233" status="PASS">
          <reporter-output>
          </reporter-output>
        </test-method> <!-- exit -->
        <test-method is-config="true" signature="setup()[pri:0, instance:TestCases.LoginPageTest@22ef9844]" started-at="2022-06-04T12:08:13 IST" name="setup" finished-at="2022-06-04T12:08:16 IST" duration-ms="2740" status="PASS">
          <reporter-output>
          </reporter-output>
        </test-method> <!-- setup -->
        <test-method signature="validateZerodhaLogoTEst()[pri:0, instance:TestCases.LoginPageTest@22ef9844]" started-at="2022-06-04T12:08:16 IST" name="validateZerodhaLogoTEst" finished-at="2022-06-04T12:08:16 IST" duration-ms="60" status="PASS">
          <reporter-output>
            <line>
              <![CDATA[Zerodha Logo Is true]]>
            </line>
          </reporter-output>
        </test-method> <!-- validateZerodhaLogoTEst -->
        <test-method is-config="true" signature="exit()[pri:0, instance:TestCases.LoginPageTest@22ef9844]" started-at="2022-06-04T12:08:16 IST" name="exit" finished-at="2022-06-04T12:08:16 IST" duration-ms="247" status="PASS">
          <reporter-output>
          </reporter-output>
        </test-method> <!-- exit -->
      </class> <!-- TestCases.LoginPageTest -->
    </test> <!-- Default test -->
  </suite> <!-- Default suite -->
</testng-results>
