<?xml version="1.0" encoding="UTF-8"?>
<!-- Generated by org.testng.reporters.JUnitXMLReporter -->
<testsuite ignored="0" hostname="DESKTOP-NKOCCTH" failures="0" tests="4" name="Default test" time="18.998" errors="0" timestamp="2022-06-04T12:08:16 IST">
  <testcase classname="TestCases.LoginPageTest" name="ValidateLoginPageTest" time="0.046"/>
  <testcase classname="TestCases.LoginPageTest" name="loginPageAccTest" time="2.503"/>
  <testcase classname="TestCases.LoginPageTest" name="validateKiteLogoTest" time="0.176"/>
  <testcase classname="TestCases.LoginPageTest" name="validateZerodhaLogoTEst" time="0.06"/>
</testsuite> <!-- Default test -->
